<?xml version="1.0" encoding="UTF-8"?>
<testng-results ignored="0" total="1" passed="1" failed="0" skipped="0">
  <reporter-output>
  </reporter-output>
  <suite started-at="2023-10-01T02:29:23 IST" name="Default suite" finished-at="2023-10-01T02:31:14 IST" duration-ms="111454">
    <groups>
    </groups>
    <test started-at="2023-10-01T02:29:23 IST" name="Default test" finished-at="2023-10-01T02:31:14 IST" duration-ms="111454">
      <class name="com.testscripts.Test_HomePage">
        <test-method signature="Tc_01()[pri:0, instance:com.testscripts.Test_HomePage@712c5463]" started-at="2023-10-01T02:29:23 IST" name="Tc_01" finished-at="2023-10-01T02:31:14 IST" duration-ms="111405" status="PASS">
          <reporter-output>
          </reporter-output>
        </test-method> <!-- Tc_01 -->
      </class> <!-- com.testscripts.Test_HomePage -->
    </test> <!-- Default test -->
  </suite> <!-- Default suite -->
</testng-results>
